app/build/intermediates/manifest_merge_blame_file/debug/manifest-merger-blame-debug-report.txt
1<?xml version="1.0" encoding="utf-8"?>
2<manifest xmlns:android="http://schemas.android.com/apk/res/android"
3    package="com.konexus.classroom"
4    android:versionCode="1"
5    android:versionName="1.0 beta(Revision)" >
6
7    <uses-sdk
8        android:minSdkVersion="25"
8-->src/main/AndroidManifest.xml
9        android:targetSdkVersion="30" />
9-->src/main/AndroidManifest.xml
10
11    <uses-permission android:name="android.permission.READ_EXTERNAL_STORAGE" />
11-->src/main/AndroidManifest.xml:5:5-80
11-->src/main/AndroidManifest.xml:5:22-77
12    <uses-permission android:name="android.permission.WRITE_EXTERNAL_STORAGE" />
12-->src/main/AndroidManifest.xml:6:5-81
12-->src/main/AndroidManifest.xml:6:22-78
13    <uses-permission android:name="android.permission.CAMERA" />
13-->src/main/AndroidManifest.xml:7:5-65
13-->src/main/AndroidManifest.xml:7:22-62
14    <uses-permission android:name="android.permission.INTERNET" />
14-->src/main/AndroidManifest.xml:8:5-67
14-->src/main/AndroidManifest.xml:8:22-64
15
16    <!-- Although the *SdkVersion is captured in gradle build files, this is required for non gradle builds -->
17    <!-- <uses-sdk android:minSdkVersion="14"/> -->
18    <uses-permission android:name="android.permission.ACCESS_NETWORK_STATE" />
18-->[com.google.firebase:firebase-database:20.0.2] AndroidManifest.xml:25:5-79
18-->[com.google.firebase:firebase-database:20.0.2] AndroidManifest.xml:25:22-76
19    <uses-permission android:name="android.permission.WAKE_LOCK" />
19-->[com.google.android.gms:play-services-measurement-api:19.0.2] AndroidManifest.xml:24:5-68
19-->[com.google.android.gms:play-services-measurement-api:19.0.2] AndroidManifest.xml:24:22-65
20    <uses-permission android:name="com.google.android.finsky.permission.BIND_GET_INSTALL_REFERRER_SERVICE" />
20-->[com.google.android.gms:play-services-measurement:19.0.2] AndroidManifest.xml:26:5-110
20-->[com.google.android.gms:play-services-measurement:19.0.2] AndroidManifest.xml:26:22-107
21
22    <application
22-->src/main/AndroidManifest.xml:10:5-102:19
23        android:name="com.konexus.classroom.BaseApplication"
23-->src/main/AndroidManifest.xml:11:9-40
24        android:allowBackup="true"
24-->src/main/AndroidManifest.xml:12:9-35
25        android:appComponentFactory="androidx.core.app.CoreComponentFactory"
25-->[androidx.core:core:1.6.0] AndroidManifest.xml:24:18-86
26        android:debuggable="true"
27        android:extractNativeLibs="false"
28        android:icon="@mipmap/ic_launcher"
28-->src/main/AndroidManifest.xml:13:9-43
29        android:label="@string/app_name"
29-->src/main/AndroidManifest.xml:14:9-41
30        android:roundIcon="@mipmap/ic_launcher_round"
30-->src/main/AndroidManifest.xml:15:9-54
31        android:supportsRtl="true"
31-->src/main/AndroidManifest.xml:16:9-35
32        android:testOnly="true"
33        android:theme="@style/Theme.Classroom" >
33-->src/main/AndroidManifest.xml:17:9-47
34        <activity
34-->src/main/AndroidManifest.xml:18:9-20:40
35            android:name="com.konexus.classroom.activity.DiscussActivityTeacher3"
35-->src/main/AndroidManifest.xml:19:13-61
36            android:exported="false" />
36-->src/main/AndroidManifest.xml:20:13-37
37        <activity
37-->src/main/AndroidManifest.xml:21:9-23:40
38            android:name="com.konexus.classroom.activity.DiscussActivityTeacher2"
38-->src/main/AndroidManifest.xml:22:13-61
39            android:exported="false" />
39-->src/main/AndroidManifest.xml:23:13-37
40        <activity
40-->src/main/AndroidManifest.xml:24:9-26:40
41            android:name="com.konexus.classroom.activity.DiscussActivityTeacher"
41-->src/main/AndroidManifest.xml:25:13-60
42            android:exported="false" />
42-->src/main/AndroidManifest.xml:26:13-37
43        <activity
43-->src/main/AndroidManifest.xml:27:9-29:40
44            android:name="com.konexus.classroom.activity.NotificationActivity"
44-->src/main/AndroidManifest.xml:28:13-58
45            android:exported="false" />
45-->src/main/AndroidManifest.xml:29:13-37
46        <activity
46-->src/main/AndroidManifest.xml:30:9-32:40
47            android:name="com.konexus.classroom.activity.CompleteActivityAssigTeacher4"
47-->src/main/AndroidManifest.xml:31:13-67
48            android:exported="false" />
48-->src/main/AndroidManifest.xml:32:13-37
49        <activity
49-->src/main/AndroidManifest.xml:33:9-35:40
50            android:name="com.konexus.classroom.activity.CompleteActivityAssigTeacher3"
50-->src/main/AndroidManifest.xml:34:13-67
51            android:exported="false" />
51-->src/main/AndroidManifest.xml:35:13-37
52        <activity
52-->src/main/AndroidManifest.xml:36:9-38:40
53            android:name="com.konexus.classroom.activity.CompleteActivityAssigTeacher2"
53-->src/main/AndroidManifest.xml:37:13-67
54            android:exported="false" />
54-->src/main/AndroidManifest.xml:38:13-37
55        <activity
55-->src/main/AndroidManifest.xml:39:9-41:40
56            android:name="com.konexus.classroom.activity.CompleteActivityAssigTeacher"
56-->src/main/AndroidManifest.xml:40:13-66
57            android:exported="false" />
57-->src/main/AndroidManifest.xml:41:13-37
58        <activity
58-->src/main/AndroidManifest.xml:42:9-44:40
59            android:name="com.konexus.classroom.activity.InprogressActivityTeacher"
59-->src/main/AndroidManifest.xml:43:13-63
60            android:exported="false" />
60-->src/main/AndroidManifest.xml:44:13-37
61        <activity
61-->src/main/AndroidManifest.xml:45:9-47:40
62            android:name="com.konexus.classroom.activity.OngoingActivityAssigmentTeacher"
62-->src/main/AndroidManifest.xml:46:13-69
63            android:exported="false" />
63-->src/main/AndroidManifest.xml:47:13-37
64        <activity
64-->src/main/AndroidManifest.xml:48:9-50:39
65            android:name="com.konexus.classroom.activity.ViewMaterialActivity"
65-->src/main/AndroidManifest.xml:49:13-58
66            android:exported="true" />
66-->src/main/AndroidManifest.xml:50:13-36
67        <activity
67-->src/main/AndroidManifest.xml:51:9-53:39
68            android:name="com.konexus.classroom.activity.MaterialActivityTeacher"
68-->src/main/AndroidManifest.xml:52:13-61
69            android:exported="true" />
69-->src/main/AndroidManifest.xml:53:13-36
70        <activity
70-->src/main/AndroidManifest.xml:54:9-56:39
71            android:name="com.konexus.classroom.activity.UploadMateriActivity"
71-->src/main/AndroidManifest.xml:55:13-58
72            android:exported="true" />
72-->src/main/AndroidManifest.xml:56:13-36
73        <activity
73-->src/main/AndroidManifest.xml:57:9-59:39
74            android:name="com.konexus.classroom.activity.TaskListActivity2"
74-->src/main/AndroidManifest.xml:58:13-55
75            android:exported="true" />
75-->src/main/AndroidManifest.xml:59:13-36
76        <activity
76-->src/main/AndroidManifest.xml:60:9-62:39
77            android:name="com.konexus.classroom.activity.TaskListActivity"
77-->src/main/AndroidManifest.xml:61:13-54
78            android:exported="true" />
78-->src/main/AndroidManifest.xml:62:13-36
79        <activity
79-->src/main/AndroidManifest.xml:63:9-65:39
80            android:name="com.konexus.classroom.activity.AssigmentActivityTeacher"
80-->src/main/AndroidManifest.xml:64:13-62
81            android:exported="true" />
81-->src/main/AndroidManifest.xml:65:13-36
82        <activity
82-->src/main/AndroidManifest.xml:66:9-68:39
83            android:name="com.konexus.classroom.activity.SecheduleTeacherActivity"
83-->src/main/AndroidManifest.xml:67:13-62
84            android:exported="true" />
84-->src/main/AndroidManifest.xml:68:13-36
85        <activity
85-->src/main/AndroidManifest.xml:69:9-71:39
86            android:name="com.konexus.classroom.Activity_Barcode_Teacher"
86-->src/main/AndroidManifest.xml:70:13-53
87            android:exported="true" />
87-->src/main/AndroidManifest.xml:71:13-36
88        <activity
88-->src/main/AndroidManifest.xml:72:9-74:39
89            android:name="com.konexus.classroom.activity.EventActivity2"
89-->src/main/AndroidManifest.xml:73:13-52
90            android:exported="true" />
90-->src/main/AndroidManifest.xml:74:13-36
91        <activity
91-->src/main/AndroidManifest.xml:75:9-77:39
92            android:name="com.konexus.classroom.activity.EventActivity"
92-->src/main/AndroidManifest.xml:76:13-51
93            android:exported="true" />
93-->src/main/AndroidManifest.xml:77:13-36
94        <activity
94-->src/main/AndroidManifest.xml:78:9-80:39
95            android:name="com.konexus.classroom.activity.MaterialActivity"
95-->src/main/AndroidManifest.xml:79:13-54
96            android:exported="true" />
96-->src/main/AndroidManifest.xml:80:13-36
97        <activity
97-->src/main/AndroidManifest.xml:81:9-83:39
98            android:name="com.konexus.classroom.activity.BarcodeActivity"
98-->src/main/AndroidManifest.xml:82:13-53
99            android:exported="true" />
99-->src/main/AndroidManifest.xml:83:13-36
100        <activity android:name="com.konexus.classroom.activity.DiscussionBoardActivity" />
100-->src/main/AndroidManifest.xml:84:9-70
100-->src/main/AndroidManifest.xml:84:19-67
101        <activity android:name="com.konexus.classroom.activity.AssigmentActivity" />
101-->src/main/AndroidManifest.xml:85:9-64
101-->src/main/AndroidManifest.xml:85:19-61
102        <activity android:name="com.konexus.classroom.activity.ScheduleBoardActivity" />
102-->src/main/AndroidManifest.xml:86:9-68
102-->src/main/AndroidManifest.xml:86:19-65
103        <activity android:name="com.konexus.classroom.activity.PageBarcodeActivity" />
103-->src/main/AndroidManifest.xml:87:9-66
103-->src/main/AndroidManifest.xml:87:19-63
104        <activity android:name="com.konexus.classroom.activity.TaskHistoryActivity" />
104-->src/main/AndroidManifest.xml:88:9-66
104-->src/main/AndroidManifest.xml:88:19-63
105        <activity android:name="com.konexus.classroom.activity.ActivityDetailComment" />
105-->src/main/AndroidManifest.xml:89:9-68
105-->src/main/AndroidManifest.xml:89:19-65
106        <activity android:name="com.konexus.classroom.ui.auth.register.RegisterListActivity" />
106-->src/main/AndroidManifest.xml:90:9-75
106-->src/main/AndroidManifest.xml:90:19-72
107        <activity android:name="com.konexus.classroom.ui.auth.register.RegisterEmailActivity" />
107-->src/main/AndroidManifest.xml:91:9-76
107-->src/main/AndroidManifest.xml:91:19-73
108        <activity android:name="com.konexus.classroom.ui.auth.register.RegisterPhoneActivity" />
108-->src/main/AndroidManifest.xml:92:9-76
108-->src/main/AndroidManifest.xml:92:19-73
109        <activity android:name="com.konexus.classroom.ui.auth.otp.OtpActivity" />
109-->src/main/AndroidManifest.xml:93:9-61
109-->src/main/AndroidManifest.xml:93:19-58
110        <activity android:name="com.konexus.classroom.activity.MainActivity" />
110-->src/main/AndroidManifest.xml:94:9-59
110-->src/main/AndroidManifest.xml:94:19-56
111        <activity android:name="com.konexus.classroom.ui.auth.login.LoginActiviy" >
111-->src/main/AndroidManifest.xml:95:9-101:20
111-->src/main/AndroidManifest.xml:95:19-61
112            <intent-filter>
112-->src/main/AndroidManifest.xml:96:13-100:29
113                <action android:name="android.intent.action.MAIN" />
113-->src/main/AndroidManifest.xml:97:17-69
113-->src/main/AndroidManifest.xml:97:25-66
114
115                <category android:name="android.intent.category.LAUNCHER" />
115-->src/main/AndroidManifest.xml:99:17-77
115-->src/main/AndroidManifest.xml:99:27-74
116            </intent-filter>
117        </activity>
118
119        <service
119-->[com.google.firebase:firebase-analytics-ktx:19.0.2] AndroidManifest.xml:8:9-14:19
120            android:name="com.google.firebase.components.ComponentDiscoveryService"
120-->[com.google.firebase:firebase-analytics-ktx:19.0.2] AndroidManifest.xml:9:13-84
121            android:directBootAware="true"
121-->[com.google.firebase:firebase-common:20.0.0] AndroidManifest.xml:35:13-43
122            android:exported="false" >
122-->[com.google.firebase:firebase-analytics-ktx:19.0.2] AndroidManifest.xml:10:13-37
123            <meta-data
123-->[com.google.firebase:firebase-analytics-ktx:19.0.2] AndroidManifest.xml:11:13-13:85
124                android:name="com.google.firebase.components:com.google.firebase.analytics.ktx.FirebaseAnalyticsKtxRegistrar"
124-->[com.google.firebase:firebase-analytics-ktx:19.0.2] AndroidManifest.xml:12:17-126
125                android:value="com.google.firebase.components.ComponentRegistrar" />
125-->[com.google.firebase:firebase-analytics-ktx:19.0.2] AndroidManifest.xml:13:17-82
126            <meta-data
126-->[com.google.firebase:firebase-common-ktx:20.0.0] AndroidManifest.xml:15:13-17:85
127                android:name="com.google.firebase.components:com.google.firebase.ktx.FirebaseCommonKtxRegistrar"
127-->[com.google.firebase:firebase-common-ktx:20.0.0] AndroidManifest.xml:16:17-113
128                android:value="com.google.firebase.components.ComponentRegistrar" />
128-->[com.google.firebase:firebase-common-ktx:20.0.0] AndroidManifest.xml:17:17-82
129            <meta-data
129-->[com.google.firebase:firebase-database:20.0.2] AndroidManifest.xml:32:13-34:85
130                android:name="com.google.firebase.components:com.google.firebase.database.DatabaseRegistrar"
130-->[com.google.firebase:firebase-database:20.0.2] AndroidManifest.xml:33:17-109
131                android:value="com.google.firebase.components.ComponentRegistrar" />
131-->[com.google.firebase:firebase-database:20.0.2] AndroidManifest.xml:34:17-82
132            <meta-data
132-->[com.google.firebase:firebase-auth:21.0.1] AndroidManifest.xml:77:13-79:85
133                android:name="com.google.firebase.components:com.google.firebase.auth.FirebaseAuthRegistrar"
133-->[com.google.firebase:firebase-auth:21.0.1] AndroidManifest.xml:78:17-109
134                android:value="com.google.firebase.components.ComponentRegistrar" />
134-->[com.google.firebase:firebase-auth:21.0.1] AndroidManifest.xml:79:17-82
135            <meta-data
135-->[com.google.firebase:firebase-storage:20.0.0] AndroidManifest.xml:33:13-35:85
136                android:name="com.google.firebase.components:com.google.firebase.storage.StorageRegistrar"
136-->[com.google.firebase:firebase-storage:20.0.0] AndroidManifest.xml:34:17-107
137                android:value="com.google.firebase.components.ComponentRegistrar" />
137-->[com.google.firebase:firebase-storage:20.0.0] AndroidManifest.xml:35:17-82
138            <meta-data
138-->[com.google.android.gms:play-services-measurement-api:19.0.2] AndroidManifest.xml:30:13-32:85
139                android:name="com.google.firebase.components:com.google.firebase.analytics.connector.internal.AnalyticsConnectorRegistrar"
139-->[com.google.android.gms:play-services-measurement-api:19.0.2] AndroidManifest.xml:31:17-139
140                android:value="com.google.firebase.components.ComponentRegistrar" />
140-->[com.google.android.gms:play-services-measurement-api:19.0.2] AndroidManifest.xml:32:17-82
141            <meta-data
141-->[com.google.firebase:firebase-installations:17.0.0] AndroidManifest.xml:18:13-20:85
142                android:name="com.google.firebase.components:com.google.firebase.installations.FirebaseInstallationsRegistrar"
142-->[com.google.firebase:firebase-installations:17.0.0] AndroidManifest.xml:19:17-127
143                android:value="com.google.firebase.components.ComponentRegistrar" />
143-->[com.google.firebase:firebase-installations:17.0.0] AndroidManifest.xml:20:17-82
144        </service>
145
146        <activity
146-->[com.google.firebase:firebase-auth:21.0.1] AndroidManifest.xml:27:9-44:20
147            android:name="com.google.firebase.auth.internal.GenericIdpActivity"
147-->[com.google.firebase:firebase-auth:21.0.1] AndroidManifest.xml:28:13-80
148            android:excludeFromRecents="true"
148-->[com.google.firebase:firebase-auth:21.0.1] AndroidManifest.xml:29:13-46
149            android:exported="true"
149-->[com.google.firebase:firebase-auth:21.0.1] AndroidManifest.xml:30:13-36
150            android:launchMode="singleTask"
150-->[com.google.firebase:firebase-auth:21.0.1] AndroidManifest.xml:31:13-44
151            android:theme="@android:style/Theme.Translucent.NoTitleBar" >
151-->[com.google.firebase:firebase-auth:21.0.1] AndroidManifest.xml:32:13-72
152            <intent-filter>
152-->[com.google.firebase:firebase-auth:21.0.1] AndroidManifest.xml:33:13-43:29
153                <action android:name="android.intent.action.VIEW" />
153-->[com.google.firebase:firebase-auth:21.0.1] AndroidManifest.xml:34:17-69
153-->[com.google.firebase:firebase-auth:21.0.1] AndroidManifest.xml:34:25-66
154
155                <category android:name="android.intent.category.DEFAULT" />
155-->[com.google.firebase:firebase-auth:21.0.1] AndroidManifest.xml:36:17-76
155-->[com.google.firebase:firebase-auth:21.0.1] AndroidManifest.xml:36:27-73
156                <category android:name="android.intent.category.BROWSABLE" />
156-->[com.google.firebase:firebase-auth:21.0.1] AndroidManifest.xml:37:17-78
156-->[com.google.firebase:firebase-auth:21.0.1] AndroidManifest.xml:37:27-75
157
158                <data
158-->[com.google.firebase:firebase-auth:21.0.1] AndroidManifest.xml:39:17-42:51
159                    android:host="firebase.auth"
159-->[com.google.firebase:firebase-auth:21.0.1] AndroidManifest.xml:40:21-49
160                    android:path="/"
160-->[com.google.firebase:firebase-auth:21.0.1] AndroidManifest.xml:41:21-37
161                    android:scheme="genericidp" />
161-->[com.google.firebase:firebase-auth:21.0.1] AndroidManifest.xml:42:21-48
162            </intent-filter>
163        </activity>
164        <activity
164-->[com.google.firebase:firebase-auth:21.0.1] AndroidManifest.xml:45:9-62:20
165            android:name="com.google.firebase.auth.internal.RecaptchaActivity"
165-->[com.google.firebase:firebase-auth:21.0.1] AndroidManifest.xml:46:13-79
166            android:excludeFromRecents="true"
166-->[com.google.firebase:firebase-auth:21.0.1] AndroidManifest.xml:47:13-46
167            android:exported="true"
167-->[com.google.firebase:firebase-auth:21.0.1] AndroidManifest.xml:48:13-36
168            android:launchMode="singleTask"
168-->[com.google.firebase:firebase-auth:21.0.1] AndroidManifest.xml:49:13-44
169            android:theme="@android:style/Theme.Translucent.NoTitleBar" >
169-->[com.google.firebase:firebase-auth:21.0.1] AndroidManifest.xml:50:13-72
170            <intent-filter>
170-->[com.google.firebase:firebase-auth:21.0.1] AndroidManifest.xml:51:13-61:29
171                <action android:name="android.intent.action.VIEW" />
171-->[com.google.firebase:firebase-auth:21.0.1] AndroidManifest.xml:34:17-69
171-->[com.google.firebase:firebase-auth:21.0.1] AndroidManifest.xml:34:25-66
172
173                <category android:name="android.intent.category.DEFAULT" />
173-->[com.google.firebase:firebase-auth:21.0.1] AndroidManifest.xml:36:17-76
173-->[com.google.firebase:firebase-auth:21.0.1] AndroidManifest.xml:36:27-73
174                <category android:name="android.intent.category.BROWSABLE" />
174-->[com.google.firebase:firebase-auth:21.0.1] AndroidManifest.xml:37:17-78
174-->[com.google.firebase:firebase-auth:21.0.1] AndroidManifest.xml:37:27-75
175
176                <data
176-->[com.google.firebase:firebase-auth:21.0.1] AndroidManifest.xml:39:17-42:51
177                    android:host="firebase.auth"
177-->[com.google.firebase:firebase-auth:21.0.1] AndroidManifest.xml:40:21-49
178                    android:path="/"
178-->[com.google.firebase:firebase-auth:21.0.1] AndroidManifest.xml:41:21-37
179                    android:scheme="recaptcha" />
179-->[com.google.firebase:firebase-auth:21.0.1] AndroidManifest.xml:42:21-48
180            </intent-filter>
181        </activity>
182
183        <service
183-->[com.google.firebase:firebase-auth:21.0.1] AndroidManifest.xml:64:9-73:19
184            android:name="com.google.firebase.auth.api.fallback.service.FirebaseAuthFallbackService"
184-->[com.google.firebase:firebase-auth:21.0.1] AndroidManifest.xml:65:13-101
185            android:enabled="true"
185-->[com.google.firebase:firebase-auth:21.0.1] AndroidManifest.xml:66:13-35
186            android:exported="false" >
186-->[com.google.firebase:firebase-auth:21.0.1] AndroidManifest.xml:67:13-37
187            <intent-filter>
187-->[com.google.firebase:firebase-auth:21.0.1] AndroidManifest.xml:68:13-72:29
188                <action android:name="com.google.firebase.auth.api.gms.service.START" />
188-->[com.google.firebase:firebase-auth:21.0.1] AndroidManifest.xml:69:17-89
188-->[com.google.firebase:firebase-auth:21.0.1] AndroidManifest.xml:69:25-86
189
190                <category android:name="android.intent.category.DEFAULT" />
190-->[com.google.firebase:firebase-auth:21.0.1] AndroidManifest.xml:36:17-76
190-->[com.google.firebase:firebase-auth:21.0.1] AndroidManifest.xml:36:27-73
191            </intent-filter>
192        </service>
193
194        <provider
194-->[com.google.firebase:firebase-common:20.0.0] AndroidManifest.xml:26:9-31:39
195            android:name="com.google.firebase.provider.FirebaseInitProvider"
195-->[com.google.firebase:firebase-common:20.0.0] AndroidManifest.xml:27:13-77
196            android:authorities="com.konexus.classroom.firebaseinitprovider"
196-->[com.google.firebase:firebase-common:20.0.0] AndroidManifest.xml:28:13-72
197            android:directBootAware="true"
197-->[com.google.firebase:firebase-common:20.0.0] AndroidManifest.xml:29:13-43
198            android:exported="false"
198-->[com.google.firebase:firebase-common:20.0.0] AndroidManifest.xml:30:13-37
199            android:initOrder="100" />
199-->[com.google.firebase:firebase-common:20.0.0] AndroidManifest.xml:31:13-36
200
201        <activity
201-->[com.google.android.gms:play-services-base:17.1.0] AndroidManifest.xml:23:9-26:75
202            android:name="com.google.android.gms.common.api.GoogleApiActivity"
202-->[com.google.android.gms:play-services-base:17.1.0] AndroidManifest.xml:24:13-79
203            android:exported="false"
203-->[com.google.android.gms:play-services-base:17.1.0] AndroidManifest.xml:25:13-37
204            android:theme="@android:style/Theme.Translucent.NoTitleBar" />
204-->[com.google.android.gms:play-services-base:17.1.0] AndroidManifest.xml:26:13-72
205
206        <receiver
206-->[com.google.android.gms:play-services-measurement:19.0.2] AndroidManifest.xml:29:9-33:20
207            android:name="com.google.android.gms.measurement.AppMeasurementReceiver"
207-->[com.google.android.gms:play-services-measurement:19.0.2] AndroidManifest.xml:30:13-85
208            android:enabled="true"
208-->[com.google.android.gms:play-services-measurement:19.0.2] AndroidManifest.xml:31:13-35
209            android:exported="false" >
209-->[com.google.android.gms:play-services-measurement:19.0.2] AndroidManifest.xml:32:13-37
210        </receiver>
211
212        <service
212-->[com.google.android.gms:play-services-measurement:19.0.2] AndroidManifest.xml:35:9-38:40
213            android:name="com.google.android.gms.measurement.AppMeasurementService"
213-->[com.google.android.gms:play-services-measurement:19.0.2] AndroidManifest.xml:36:13-84
214            android:enabled="true"
214-->[com.google.android.gms:play-services-measurement:19.0.2] AndroidManifest.xml:37:13-35
215            android:exported="false" />
215-->[com.google.android.gms:play-services-measurement:19.0.2] AndroidManifest.xml:38:13-37
216        <service
216-->[com.google.android.gms:play-services-measurement:19.0.2] AndroidManifest.xml:39:9-43:72
217            android:name="com.google.android.gms.measurement.AppMeasurementJobService"
217-->[com.google.android.gms:play-services-measurement:19.0.2] AndroidManifest.xml:40:13-87
218            android:enabled="true"
218-->[com.google.android.gms:play-services-measurement:19.0.2] AndroidManifest.xml:41:13-35
219            android:exported="false"
219-->[com.google.android.gms:play-services-measurement:19.0.2] AndroidManifest.xml:42:13-37
220            android:permission="android.permission.BIND_JOB_SERVICE" />
220-->[com.google.android.gms:play-services-measurement:19.0.2] AndroidManifest.xml:43:13-69
221
222        <meta-data
222-->[com.google.android.gms:play-services-basement:17.1.0] AndroidManifest.xml:23:9-25:69
223            android:name="com.google.android.gms.version"
223-->[com.google.android.gms:play-services-basement:17.1.0] AndroidManifest.xml:24:13-58
224            android:value="@integer/google_play_services_version" />
224-->[com.google.android.gms:play-services-basement:17.1.0] AndroidManifest.xml:25:13-66
225
226        <provider
226-->[androidx.lifecycle:lifecycle-process:2.2.0] AndroidManifest.xml:25:9-29:43
227            android:name="androidx.lifecycle.ProcessLifecycleOwnerInitializer"
227-->[androidx.lifecycle:lifecycle-process:2.2.0] AndroidManifest.xml:26:13-79
228            android:authorities="com.konexus.classroom.lifecycle-process"
228-->[androidx.lifecycle:lifecycle-process:2.2.0] AndroidManifest.xml:27:13-69
229            android:exported="false"
229-->[androidx.lifecycle:lifecycle-process:2.2.0] AndroidManifest.xml:28:13-37
230            android:multiprocess="true" />
230-->[androidx.lifecycle:lifecycle-process:2.2.0] AndroidManifest.xml:29:13-40
231    </application>
232
233</manifest>